<?xml version="1.0" encoding="UTF-8"?>
<testsuite name="PersonalAssistantTest" tests="1" skipped="0" failures="0" errors="0" timestamp="2020-06-19T19:50:33" hostname="Gemini" time="0.131">
  <properties/>
  <testcase name="start" classname="PersonalAssistantTest" time="0.131"/>
  <system-out><![CDATA[?[1;31m
Start test 1?[0m
Hello! My name is Hello Bot.
I was created in 2020
]]></system-out>
  <system-err><![CDATA[]]></system-err>
</testsuite>
